Copyright 1986-2018 Xilinx, Inc. All Rights Reserved.
-------------------------------------------------------------------------------------------
| Tool Version : Vivado v.2018.3 (win64) Build 2405991 Thu Dec  6 23:38:27 MST 2018
| Date         : Thu Sep 15 09:12:34 2022
| Host         : LAPTOP-R38NBUAQ running 64-bit major release  (build 9200)
| Command      : report_control_sets -verbose -file distance_meter_control_sets_placed.rpt
| Design       : distance_meter
| Device       : xc7a35t
-------------------------------------------------------------------------------------------

Control Set Information

Table of Contents
-----------------
1. Summary
2. Histogram
3. Flip-Flop Distribution
4. Detailed Control Set Information

1. Summary
----------

+----------------------------------------------------------+-------+
|                          Status                          | Count |
+----------------------------------------------------------+-------+
| Number of unique control sets                            |    16 |
| Unused register locations in slices containing registers |    62 |
+----------------------------------------------------------+-------+


2. Histogram
------------

+--------+--------------+
| Fanout | Control Sets |
+--------+--------------+
|      1 |            1 |
|      3 |            1 |
|      4 |            4 |
|      5 |            2 |
|     13 |            1 |
|     14 |            1 |
|    16+ |            6 |
+--------+--------------+


3. Flip-Flop Distribution
-------------------------

+--------------+-----------------------+------------------------+-----------------+--------------+
| Clock Enable | Synchronous Set/Reset | Asynchronous Set/Reset | Total Registers | Total Slices |
+--------------+-----------------------+------------------------+-----------------+--------------+
| No           | No                    | No                     |               0 |            0 |
| No           | No                    | Yes                    |              91 |           29 |
| No           | Yes                   | No                     |               0 |            0 |
| Yes          | No                    | No                     |               0 |            0 |
| Yes          | No                    | Yes                    |             215 |           54 |
| Yes          | Yes                   | No                     |               0 |            0 |
+--------------+-----------------------+------------------------+-----------------+--------------+


4. Detailed Control Set Information
-----------------------------------

+--------------------+---------------------------------------------+---------------------------------+------------------+----------------+
|    Clock Signal    |                Enable Signal                |         Set/Reset Signal        | Slice Load Count | Bel Load Count |
+--------------------+---------------------------------------------+---------------------------------+------------------+----------------+
|  sys_clk_IBUF_BUFG | filter_inst_1/data_sum_reg[11]_0            | beep_led_alarm_inst_1/sys_rst_n |                1 |              1 |
|  sys_clk_IBUF_BUFG |                                             | filter_inst_1/sys_rst_n         |                3 |              3 |
|  sys_clk_IBUF_BUFG | bin_to_bcd_inst_1/data_shift[16]_i_1_n_0    | filter_inst_1/sys_rst_n_0       |                2 |              4 |
|  sys_clk_IBUF_BUFG | bin_to_bcd_inst_1/data_shift[20]_i_1_n_0    | filter_inst_1/sys_rst_n_0       |                1 |              4 |
|  sys_clk_IBUF_BUFG | bin_to_bcd_inst_1/data_shift[24]_i_1_n_0    | filter_inst_1/sys_rst_n_0       |                1 |              4 |
|  sys_clk_IBUF_BUFG | bin_to_bcd_inst_1/data_shift[28]_i_1_n_0    | filter_inst_1/sys_rst_n_0       |                2 |              4 |
|  sys_clk_IBUF_BUFG | nixie_display_inst_1/nixie_cs[3]_i_1_n_0    | beep_led_alarm_inst_1/sys_rst_n |                2 |              5 |
|  sys_clk_IBUF_BUFG | bin_to_bcd_inst_1/shift_flag                | filter_inst_1/sys_rst_n_0       |                2 |              5 |
|  sys_clk_IBUF_BUFG | bin_to_bcd_inst_1/data_shift[12]_i_1_n_0    | filter_inst_1/sys_rst_n_0       |                3 |             13 |
|  sys_clk_IBUF_BUFG |                                             | filter_inst_1/sys_rst_n_0       |                5 |             14 |
|  sys_clk_IBUF_BUFG | bin_to_bcd_inst_1/complete_flag             | filter_inst_1/sys_rst_n_0       |                3 |             16 |
|  sys_clk_IBUF_BUFG | ultrasound_ctrl_inst_1/fall_flag            | filter_inst_1/sys_rst_n         |                4 |             21 |
|  sys_clk_IBUF_BUFG | ultrasound_ctrl_inst_1/cnt_pulse[0]_i_1_n_0 | filter_inst_1/sys_rst_n         |                6 |             21 |
|  sys_clk_IBUF_BUFG | ultrasound_ctrl_inst_1/E[0]                 | filter_inst_1/sys_rst_n_0       |               11 |             49 |
|  sys_clk_IBUF_BUFG | ultrasound_ctrl_inst_1/E[0]                 | filter_inst_1/sys_rst_n         |               16 |             68 |
|  sys_clk_IBUF_BUFG |                                             | beep_led_alarm_inst_1/sys_rst_n |               21 |             74 |
+--------------------+---------------------------------------------+---------------------------------+------------------+----------------+


