Vivado Simulator v2023.2
Copyright 1986-2022 Xilinx, Inc. All Rights Reserved.
Copyright 2022-2023 Advanced Micro Devices, Inc. All Rights Reserved.
Running: D:/xlinks/Vivado/2023.2/bin/unwrapped/win64.o/xelab.exe --incr --debug typical --relax --mt 2 -L xil_defaultlib -L unisims_ver -L unimacro_ver -L secureip --snapshot distance_meter_behav xil_defaultlib.distance_meter xil_defaultlib.glbl -log elaborate.log 
Using 2 slave threads.
Starting static elaboration
Pass Through NonSizing Optimizer
Completed static elaboration
Starting simulation data flow analysis
WARNING: [XSIM 43-4100] "C:/Users/86188/Desktop/_000_distance_meter/_000_distance_meter.sim/sim_1/behav/xsim/glbl.v" Line 6. Module glbl has a timescale but at least one module in design doesn't have timescale.
WARNING: [XSIM 43-4100] "C:/Users/86188/Desktop/_000_distance_meter/_000_distance_meter.sim/sim_1/behav/xsim/glbl.v" Line 6. Module glbl has a timescale but at least one module in design doesn't have timescale.
Completed simulation data flow analysis
Time Resolution for simulation is 1ps
Compiling module xil_defaultlib.ultrasound_ctrl
Compiling module xil_defaultlib.filter
Compiling module xil_defaultlib.beep_led_alarm
Compiling module xil_defaultlib.bin_to_bcd
Compiling module xil_defaultlib.nixie_display
Compiling module xil_defaultlib.distance_meter
Compiling module xil_defaultlib.glbl
Built simulation snapshot distance_meter_behav
